2024-03-27 13:12:33 totalSizeData : 16
2024-03-27 13:12:33 Name : 
2024-03-27 13:12:33 [AYUSHI VERMA]
2024-03-27 13:12:33 [DINTAKURTHI VENKATA KARTHIK]
2024-03-27 13:12:33 [Dipayan Singha]
2024-03-27 13:12:33 [Arpit Gupta]
2024-03-27 13:12:33 [Siva Shankar]
2024-03-27 13:12:33 [Naveen Kumar Varma]
2024-03-27 13:12:33 [Shweta Agrawal]
2024-03-27 13:12:33 [Sriram]
2024-03-27 13:12:33 [Simarpreet Singh]
2024-03-27 13:12:33 [Mohit Jain]
2024-03-27 13:12:33 [Harish Kalyanam]
2024-03-27 13:12:33 [V.A.Vijayakumar]
2024-03-27 13:12:33 [rameshm]
2024-03-27 13:12:33 [HariHaran G]
2024-03-27 13:12:33 [ADITYA CHOURASIA]
2024-03-27 13:12:33 [Ankita Mishra]
2024-03-27 13:12:33 ************************************
2024-03-27 13:12:33 Name Link : 
2024-03-27 13:12:33 [https://resdex.naukri.com/v3/preview?uniqId=57318277bbaaa6c2b8e974b7055da497585a090549155a44061112090b09564e1b0e0202164059580a574b16096&sid=6732662318&paramString=8b485a994a0b1f7d419bf11cc53a6d4b13106&hfFlowName=search&commentSearchType=comment-my,comment-others&totalResumes=16&hiringForFlowId=8e68280ef0d9fb7fcdc8ccf0018f55d0&pFlow=SEARCH_ID&pFlowId=8e68280ef0d9fb7fcdc8ccf0018f55d0&tupleIndex=0&storageKey=6732662318-1&parentHighLightingKey=6732662318-1&activeIn=365&parentSid=6732662318&sidGroupId=8e68280ef0d9fb7fcdc8ccf0018f55d0&tabKey=profile&uresid=2c53103a47b71856e4944af7df555dc5595909584e150e170402405f5c0854491508150a6]
2024-03-27 13:12:33 [https://resdex.naukri.com/v3/preview?uniqId=5e292c3146e5752fa62fc87d2e1464c409545d591b470b110544100c590e544e410d42521646505858034f405817071552595a08504f100f1006116&sid=6732662318&paramString=8b485a994a0b1f7d419bf11cc53a6d4b13106&hfFlowName=search&commentSearchType=comment-my,comment-others&totalResumes=16&hiringForFlowId=8e68280ef0d9fb7fcdc8ccf0018f55d0&pFlow=SEARCH_ID&pFlowId=8e68280ef0d9fb7fcdc8ccf0018f55d0&tupleIndex=1&storageKey=6732662318-1&parentHighLightingKey=6732662318-1&activeIn=365&parentSid=6732662318&sidGroupId=8e68280ef0d9fb7fcdc8ccf0018f55d0&tabKey=profile&uresid=e003a97ce67bac25bba15e149ecd57005a5d0a574a1b0d190102405f5c0854491508150a6]
2024-03-27 13:12:33 [https://resdex.naukri.com/v3/preview?uniqId=6dc978d96f3c882d780dfc8abb521a5f5a0b5d5618150d420242105a5e0e004f120f0202164059580a574b16096&sid=6732662318&paramString=8b485a994a0b1f7d419bf11cc53a6d4b13106&hfFlowName=search&commentSearchType=comment-my,comment-others&totalResumes=16&hiringForFlowId=8e68280ef0d9fb7fcdc8ccf0018f55d0&pFlow=SEARCH_ID&pFlowId=8e68280ef0d9fb7fcdc8ccf0018f55d0&tupleIndex=2&storageKey=6732662318-1&parentHighLightingKey=6732662318-1&activeIn=365&parentSid=6732662318&sidGroupId=8e68280ef0d9fb7fcdc8ccf0018f55d0&tabKey=profile&uresid=0d3bf5f40265285c0239c4a66fa6f4395e5e0a564f100119101046595c0c524c120d186]
2024-03-27 13:12:33 [https://resdex.naukri.com/v3/preview?uniqId=b8b08b5b8248d5a84c73bc9a4bae60145b5a0f504a1a0e110147430d550d584e1b0c0202164059580a574b16096&sid=6732662318&paramString=8b485a994a0b1f7d419bf11cc53a6d4b13106&hfFlowName=search&commentSearchType=comment-my,comment-others&totalResumes=16&hiringForFlowId=8e68280ef0d9fb7fcdc8ccf0018f55d0&pFlow=SEARCH_ID&pFlowId=8e68280ef0d9fb7fcdc8ccf0018f55d0&tupleIndex=3&storageKey=6732662318-1&parentHighLightingKey=6732662318-1&activeIn=365&parentSid=6732662318&sidGroupId=8e68280ef0d9fb7fcdc8ccf0018f55d0&tabKey=profile&uresid=31685d6b5610a1981b7d75a01380925a5f550c5848140b12101046595c0c524c120d186]
2024-03-27 13:12:33 [https://resdex.naukri.com/v3/preview?uniqId=6a5c4cac35a37cf94168254487d8af01510c0e5148115d455715475d590a544b1a0e160219135c5b5b561b1100400b1552595a08504f100f1006116&sid=6732662318&paramString=8b485a994a0b1f7d419bf11cc53a6d4b13106&hfFlowName=search&commentSearchType=comment-my,comment-others&totalResumes=16&hiringForFlowId=8e68280ef0d9fb7fcdc8ccf0018f55d0&pFlow=SEARCH_ID&pFlowId=8e68280ef0d9fb7fcdc8ccf0018f55d0&tupleIndex=4&storageKey=6732662318-1&parentHighLightingKey=6732662318-1&activeIn=365&parentSid=6732662318&sidGroupId=8e68280ef0d9fb7fcdc8ccf0018f55d0&tabKey=profile&uresid=bbfae087698d9d9718003d970b04fe4d59540e5942110b110b02405f5c0854491508150a6]
2024-03-27 13:12:33 [https://resdex.naukri.com/v3/preview?uniqId=c6534bb071b1311fca28722f023f7e6d0d5c0d551c4109160a40425c590f554b1a0b115715405f5f0c511c160c44514452595a08504f100f1006116&sid=6732662318&paramString=8b485a994a0b1f7d419bf11cc53a6d4b13106&hfFlowName=search&commentSearchType=comment-my,comment-others&totalResumes=16&hiringForFlowId=8e68280ef0d9fb7fcdc8ccf0018f55d0&pFlow=SEARCH_ID&pFlowId=8e68280ef0d9fb7fcdc8ccf0018f55d0&tupleIndex=5&storageKey=6732662318-1&parentHighLightingKey=6732662318-1&activeIn=365&parentSid=6732662318&sidGroupId=8e68280ef0d9fb7fcdc8ccf0018f55d0&tabKey=profile&uresid=8c75013912aee1ae2445af03795a05e85a580f514a1409170102405f5c0854491508150a6]
2024-03-27 13:12:33 [https://resdex.naukri.com/v3/preview?uniqId=2c77a97134f54fd22d303b0f4cbfe9145e5a58034f420f470242155b5c0e554317090202164059580a574b16096&sid=6732662318&paramString=8b485a994a0b1f7d419bf11cc53a6d4b13106&hfFlowName=search&commentSearchType=comment-my,comment-others&totalResumes=16&hiringForFlowId=8e68280ef0d9fb7fcdc8ccf0018f55d0&pFlow=SEARCH_ID&pFlowId=8e68280ef0d9fb7fcdc8ccf0018f55d0&tupleIndex=6&storageKey=6732662318-1&parentHighLightingKey=6732662318-1&activeIn=365&parentSid=6732662318&sidGroupId=8e68280ef0d9fb7fcdc8ccf0018f55d0&tabKey=profile&uresid=1b8bf04a3903e8bf9dcc775812014cfc595f015548150a150402405f5c0854491508150a6]
2024-03-27 13:12:33 [https://resdex.naukri.com/v3/preview?uniqId=32f5caf06075f07cbb4bf9e2f4f34e8b0e5c5f5743110d400b17415b5908574a4209130a40460e5d0d001c150d47041952595a08504f100f1006116&sid=6732662318&paramString=8b485a994a0b1f7d419bf11cc53a6d4b13106&hfFlowName=search&commentSearchType=comment-my,comment-others&totalResumes=16&hiringForFlowId=8e68280ef0d9fb7fcdc8ccf0018f55d0&pFlow=SEARCH_ID&pFlowId=8e68280ef0d9fb7fcdc8ccf0018f55d0&tupleIndex=7&storageKey=6732662318-1&parentHighLightingKey=6732662318-1&activeIn=365&parentSid=6732662318&sidGroupId=8e68280ef0d9fb7fcdc8ccf0018f55d0&tabKey=profile&uresid=0c0f4ad13d0843d5d232d78db6e00248595f0f58481b00170002405f5c0854491508150a6]
2024-03-27 13:12:33 [https://resdex.naukri.com/v3/preview?uniqId=b798e4a5b518f3fd8669cf83e99e0e7159095d031e1b0d180343145c0b5f034c110f0202164059580a574b16096&sid=6732662318&paramString=8b485a994a0b1f7d419bf11cc53a6d4b13106&hfFlowName=search&commentSearchType=comment-my,comment-others&totalResumes=16&hiringForFlowId=8e68280ef0d9fb7fcdc8ccf0018f55d0&pFlow=SEARCH_ID&pFlowId=8e68280ef0d9fb7fcdc8ccf0018f55d0&tupleIndex=8&storageKey=6732662318-1&parentHighLightingKey=6732662318-1&activeIn=365&parentSid=6732662318&sidGroupId=8e68280ef0d9fb7fcdc8ccf0018f55d0&tabKey=profile&uresid=ccd532ebcdd36c343db9af202007dbe4515f0f5549150d16101046595c0c524c120d186]
2024-03-27 13:12:33 [https://resdex.naukri.com/v3/preview?uniqId=d555120ab52351fcd5fc5c156f33f65c5a555f564c450b13044548595900534c1a0e1705144458095b044a1b5a19071452595a08504f100f1006116&sid=6732662318&paramString=8b485a994a0b1f7d419bf11cc53a6d4b13106&hfFlowName=search&commentSearchType=comment-my,comment-others&totalResumes=16&hiringForFlowId=8e68280ef0d9fb7fcdc8ccf0018f55d0&pFlow=SEARCH_ID&pFlowId=8e68280ef0d9fb7fcdc8ccf0018f55d0&tupleIndex=9&storageKey=6732662318-1&parentHighLightingKey=6732662318-1&activeIn=365&parentSid=6732662318&sidGroupId=8e68280ef0d9fb7fcdc8ccf0018f55d0&tabKey=profile&uresid=b3e521962ecdb727b14aacdb5a36f19f595909574f1008170202405f5c0854491508150a6]
2024-03-27 13:12:33 [https://resdex.naukri.com/v3/preview?uniqId=559c890f10db5dbe98ec05a72bb4f5215a5d5f581f4500160a474450595a544c1a0e47051710505e5c5249470917064252595a08504f100f1006116&sid=6732662318&paramString=8b485a994a0b1f7d419bf11cc53a6d4b13106&hfFlowName=search&commentSearchType=comment-my,comment-others&totalResumes=16&hiringForFlowId=8e68280ef0d9fb7fcdc8ccf0018f55d0&pFlow=SEARCH_ID&pFlowId=8e68280ef0d9fb7fcdc8ccf0018f55d0&tupleIndex=10&storageKey=6732662318-1&parentHighLightingKey=6732662318-1&activeIn=365&parentSid=6732662318&sidGroupId=8e68280ef0d9fb7fcdc8ccf0018f55d0&tabKey=profile&uresid=ccd34aaf95759da5880b0f936065a9335a5d0e5848170d150102405f5c0854491508150a6]
2024-03-27 13:12:33 [https://resdex.naukri.com/v3/preview?uniqId=f3671b8c209d2fb2d71a977c12bd8fb25a5e0d044c150f440245420e0f5d5919160a0202164059580a574b16096&sid=6732662318&paramString=8b485a994a0b1f7d419bf11cc53a6d4b13106&hfFlowName=search&commentSearchType=comment-my,comment-others&totalResumes=16&hiringForFlowId=8e68280ef0d9fb7fcdc8ccf0018f55d0&pFlow=SEARCH_ID&pFlowId=8e68280ef0d9fb7fcdc8ccf0018f55d0&tupleIndex=11&storageKey=6732662318-1&parentHighLightingKey=6732662318-1&activeIn=365&parentSid=6732662318&sidGroupId=8e68280ef0d9fb7fcdc8ccf0018f55d0&tabKey=profile&uresid=48658d99fa86b36352860b2dd80e1d4a5f5d015043100f19101046595c0c524c120d186]
2024-03-27 13:12:33 [https://resdex.naukri.com/v3/preview?uniqId=7e436c05b63751fd93da45daf7bb2062590b0f024c415b1351454951590f514e1b0f18001443500b5f591c1b0d13561452595a08504f100f1006116&sid=6732662318&paramString=8b485a994a0b1f7d419bf11cc53a6d4b13106&hfFlowName=search&commentSearchType=comment-my,comment-others&totalResumes=16&hiringForFlowId=8e68280ef0d9fb7fcdc8ccf0018f55d0&pFlow=SEARCH_ID&pFlowId=8e68280ef0d9fb7fcdc8ccf0018f55d0&tupleIndex=12&storageKey=6732662318-1&parentHighLightingKey=6732662318-1&activeIn=365&parentSid=6732662318&sidGroupId=8e68280ef0d9fb7fcdc8ccf0018f55d0&tabKey=profile&uresid=6aca9c20f759c643b8d876896da7cedb5a590c5142100f160a02405f5c0854491508150a6]
2024-03-27 13:12:33 [https://resdex.naukri.com/v3/preview?uniqId=5d17fc4c3cdbaf77894cf71107c26b59590c0f564d100f440513480b580b561f1a0c0202164059580a574b16096&sid=6732662318&paramString=8b485a994a0b1f7d419bf11cc53a6d4b13106&hfFlowName=search&commentSearchType=comment-my,comment-others&totalResumes=16&hiringForFlowId=8e68280ef0d9fb7fcdc8ccf0018f55d0&pFlow=SEARCH_ID&pFlowId=8e68280ef0d9fb7fcdc8ccf0018f55d0&tupleIndex=13&storageKey=6732662318-1&parentHighLightingKey=6732662318-1&activeIn=365&parentSid=6732662318&sidGroupId=8e68280ef0d9fb7fcdc8ccf0018f55d0&tabKey=profile&uresid=b9b5184065ec7b642651afe2d35299c95f5d0d514e1b0017101046595c0c524c120d186]
2024-03-27 13:12:33 [https://resdex.naukri.com/v3/preview?uniqId=eb70ad9fc7a63156798a111a2dd5d1d80b5c5f554e1a014257151258590d53481a0b450244440a585a544c1a0045074552595a08504f100f1006116&sid=6732662318&paramString=8b485a994a0b1f7d419bf11cc53a6d4b13106&hfFlowName=search&commentSearchType=comment-my,comment-others&totalResumes=16&hiringForFlowId=8e68280ef0d9fb7fcdc8ccf0018f55d0&pFlow=SEARCH_ID&pFlowId=8e68280ef0d9fb7fcdc8ccf0018f55d0&tupleIndex=14&storageKey=6732662318-1&parentHighLightingKey=6732662318-1&activeIn=365&parentSid=6732662318&sidGroupId=8e68280ef0d9fb7fcdc8ccf0018f55d0&tabKey=profile&uresid=ab3daed22a94f903e31bdb8a0d6a53b6595e0f524f1a0d170a02405f5c0854491508150a6]
2024-03-27 13:12:33 [https://resdex.naukri.com/v3/preview?uniqId=e03631f28bdb8a82aa7dff270f241431585508051e1600470712425c0f5b521b100e0202164059580a574b16096&sid=6732662318&paramString=8b485a994a0b1f7d419bf11cc53a6d4b13106&hfFlowName=search&commentSearchType=comment-my,comment-others&totalResumes=16&hiringForFlowId=8e68280ef0d9fb7fcdc8ccf0018f55d0&pFlow=SEARCH_ID&pFlowId=8e68280ef0d9fb7fcdc8ccf0018f55d0&tupleIndex=15&storageKey=6732662318-1&parentHighLightingKey=6732662318-1&activeIn=365&parentSid=6732662318&sidGroupId=8e68280ef0d9fb7fcdc8ccf0018f55d0&tabKey=profile&uresid=900b188eaaecc54a6668d1d25a071ece5e5d09544c160017101046595c0c524c120d186]
2024-03-27 13:12:33 ************************************
2024-03-27 13:12:33 Experience Details : 
2024-03-27 13:12:33 [8y 0m]
2024-03-27 13:12:33 [5y 6m]
2024-03-27 13:12:33 [6y 0m]
2024-03-27 13:12:33 [7y 0m]
2024-03-27 13:12:33 [5y 0m]
2024-03-27 13:12:33 [5y 4m]
2024-03-27 13:12:33 [5y 4m]
2024-03-27 13:12:33 [7y 0m]
2024-03-27 13:12:33 [5y 11m]
2024-03-27 13:12:33 [5y 0m]
2024-03-27 13:12:33 [6y 0m]
2024-03-27 13:12:33 [5y 0m]
2024-03-27 13:12:34 [6y 6m]
2024-03-27 13:12:34 [5y 0m]
2024-03-27 13:12:34 [5y 1m]
2024-03-27 13:12:34 [8y 0m]
2024-03-27 13:12:34 ************************************
2024-03-27 13:12:34 Annual Salary : 
2024-03-27 13:12:34 [₹ 15 Lacs]
2024-03-27 13:12:34 [₹ 13.50 Lacs]
2024-03-27 13:12:34 [₹ 17 Lacs]
2024-03-27 13:12:34 [₹ 12 Lacs]
2024-03-27 13:12:34 [₹ 13.65 Lacs]
2024-03-27 13:12:34 [₹ 12.60 Lacs]
2024-03-27 13:12:34 [₹ 15.50 Lacs]
2024-03-27 13:12:34 [₹ 10.25 Lacs]
2024-03-27 13:12:34 [₹ 18 Lacs]
2024-03-27 13:12:34 [₹ 13 Lacs]
2024-03-27 13:12:34 [₹ 11 Lacs]
2024-03-27 13:12:34 [₹ 12 Lacs]
2024-03-27 13:12:34 [₹ 10 Lacs]
2024-03-27 13:12:34 [₹ 18 Lacs]
2024-03-27 13:12:34 [₹ 16 Lacs]
2024-03-27 13:12:34 [₹ 13.20 Lacs]
2024-03-27 13:12:34 ************************************
2024-03-27 13:12:34 Current Location : 
2024-03-27 13:12:34 [Mumbai]
2024-03-27 13:12:34 [Bengaluru]
2024-03-27 13:12:34 [Bengaluru]
2024-03-27 13:12:34 [Gurugram]
2024-03-27 13:12:34 [Chennai]
2024-03-27 13:12:34 [Bengaluru]
2024-03-27 13:12:34 [Bhilai]
2024-03-27 13:12:34 [Hyderabad]
2024-03-27 13:12:34 [Ludhiana]
2024-03-27 13:12:34 [Gurugram]
2024-03-27 13:12:34 [Hyderabad]
2024-03-27 13:12:34 [Chennai]
2024-03-27 13:12:34 [Chennai]
2024-03-27 13:12:34 [Chennai]
2024-03-27 13:12:34 [Bengaluru]
2024-03-27 13:12:34 [Bengaluru]
2024-03-27 13:12:34 ************************************
2024-03-27 13:12:34 Previous Position : 
2024-03-27 13:12:34 [Data Engineer]
2024-03-27 13:12:34 [Data Analyst]
2024-03-27 13:12:34 [Motor Vehicle Inspector]
2024-03-27 13:12:34 []
2024-03-27 13:12:34 [Data Engineer]
2024-03-27 13:12:34 [Data Engineer]
2024-03-27 13:12:34 []
2024-03-27 13:12:34 []
2024-03-27 13:12:34 [Analytics Engineer]
2024-03-27 13:12:34 [Business Analyst]
2024-03-27 13:12:34 [Power BI Developer]
2024-03-27 13:12:34 []
2024-03-27 13:12:34 []
2024-03-27 13:12:34 [Senior Analyst]
2024-03-27 13:12:35 [Data Analyst]
2024-03-27 13:12:35 []
2024-03-27 13:12:35 ************************************
2024-03-27 13:12:35 Previous Company : 
2024-03-27 13:12:35 [Coupa]
2024-03-27 13:12:35 [ESOFT Technology Solutions]
2024-03-27 13:12:35 [West Bengal State Transport Dept.]
2024-03-27 13:12:35 []
2024-03-27 13:12:35 [innive Business solutions Pvt Ltd]
2024-03-27 13:12:35 [Capgemini]
2024-03-27 13:12:35 []
2024-03-27 13:12:35 []
2024-03-27 13:12:35 [Virtuosity Technologies LLC]
2024-03-27 13:12:35 [Credence Global Solutions]
2024-03-27 13:12:35 [B3CS( Blue 3 Consultancy Services) Payroll, Cli...]
2024-03-27 13:12:35 []
2024-03-27 13:12:35 []
2024-03-27 13:12:35 [LatentView]
2024-03-27 13:12:35 [Business Brio]
2024-03-27 13:12:35 []
2024-03-27 13:12:35 ************************************
2024-03-27 13:12:35 Current Position : 
2024-03-27 13:12:35 [Data Engineer]
2024-03-27 13:12:35 [Data Engineer]
2024-03-27 13:12:35 [Data Engineer]
2024-03-27 13:12:35 [Data Engineer]
2024-03-27 13:12:35 [Senior Consultant]
2024-03-27 13:12:35 [Data Engineer]
2024-03-27 13:12:35 [Senior Software Engineer]
2024-03-27 13:12:35 [Technical Lead]
2024-03-27 13:12:35 [Analytics Engineer]
2024-03-27 13:12:35 [Senior Associate- Data Engineering & Business...]
2024-03-27 13:12:35 [Business Development Engineer]
2024-03-27 13:12:35 [Data Scientist - Product Manager]
2024-03-27 13:12:35 [Senior Database Administrator]
2024-03-27 13:12:35 [Assistant Manager - Business Analyst]
2024-03-27 13:12:35 [Lead Data Engineer]
2024-03-27 13:12:35 [Test Lead - ETL]
2024-03-27 13:12:35 ************************************
2024-03-27 13:12:35 Current Company : 
2024-03-27 13:12:35 [Coupa]
2024-03-27 13:12:35 [5x Pte ltd]
2024-03-27 13:12:35 [PowerSchool India]
2024-03-27 13:12:35 [Wiley]
2024-03-27 13:12:35 [Capgemini]
2024-03-27 13:12:35 [Capgemini]
2024-03-27 13:12:35 [ACL Digital]
2024-03-27 13:12:35 [HCL Technologies]
2024-03-27 13:12:35 [Virtuosity Technologies LLC]
2024-03-27 13:12:35 [Gerson Lehrman Group]
2024-03-27 13:12:35 [Varsity Education Management]
2024-03-27 13:12:35 [C1exchange]
2024-03-27 13:12:35 [CGI Inc.]
2024-03-27 13:12:35 [Redington]
2024-03-27 13:12:35 [Aretove Technologies]
2024-03-27 13:12:35 [Harman Connected Services]
2024-03-27 13:12:35 ************************************
2024-03-27 13:12:35 Education : 
2024-03-27 13:12:36 [B.Tech/B.E. Fr Conceicao Rodrigues College of Engineering, Mumbai 2015]
2024-03-27 13:12:36 [B.Tech/B.E. Sree Venkateswara College of Engineering 2015]
2024-03-27 13:12:36 [PG Diploma International Institute of Information Technology, Ba... 2021, B.Tech/B.E. West Bengal University of Technology (WBUT) 2013]
2024-03-27 13:12:36 [not pursuing pg, B.Tech/B.E. Rajasthan Technical University, Jaipur 2015]
2024-03-27 13:12:36 [B.Tech/B.E. Ck college of engineering & technology 2021]
2024-03-27 13:12:36 [B.Com Dr C.V Raman University , Bilaspur , Chhattisgarh 2018]
2024-03-27 13:12:36 [not pursuing pg, B.Tech/B.E. csvtu 2014]
2024-03-27 13:12:36 [B.Tech/B.E. JNTU College of Engineering, Kakinada 2012]
2024-03-27 13:12:36 [MBA/PGDM Narsee Monjee Institute Of Management Studies, Mumbai 2022, B.Com PANJAB UNIVERSITY, CHANDIGARH 2015]
2024-03-27 13:12:36 [B.Com NEFTU 2018]
2024-03-27 13:12:36 [B.Tech/B.E. JNTU KAKINADA 2014]
2024-03-27 13:12:36 [Ph.D/Doctorate Anna University 2023, M.Tech SRM university (SRMU) 2013, B.Tech/B.E. Anna University 2010]
2024-03-27 13:12:36 [MS/M.Sc(Science) Periyar University 2005, B.Tech/B.E. Periyar University 2006]
2024-03-27 13:12:36 [B.Tech/B.E. Anna University 2014]
2024-03-27 13:12:36 [B.Tech/B.E. Batanagar Institute of Engineering, Management and S... 2018]
2024-03-27 13:12:36 [B.Tech/B.E. Biju Patnaik University of Technology (BPUT) 2010]
2024-03-27 13:12:36 ************************************
2024-03-27 13:12:36 Preferred Locations : 
2024-03-27 13:12:36 [Bengaluru,Mumbai,Remote,Pune]
2024-03-27 13:12:36 [Bengaluru,Hyderabad,Chennai]
2024-03-27 13:12:36 [Bengaluru]
2024-03-27 13:12:36 [Delhi / NCR]
2024-03-27 13:12:36 [Bengaluru,Chennai]
2024-03-27 13:12:36 [Bengaluru,Gurugram,Pune,Chennai,Hyderabad,Noida,Mumbai,Delhi / NCR,Remote]
2024-03-27 13:12:36 [Bengaluru]
2024-03-27 13:12:36 [Bengaluru,Gurugram,Hyderabad,Remote,Chennai,Mumbai,Pune,Noida,Delhi / NCR]
2024-03-27 13:12:36 [Gurugram,Bengaluru,Delhi / NCR,Remote,Hyderabad,Noida,Mumbai,Pune,Chandigarh]
2024-03-27 13:12:36 [Gurugram,Noida,Remote,Delhi / NCR]
2024-03-27 13:12:36 [Bengaluru,Chennai,Remote,Hyderabad,Pune,Mumbai]
2024-03-27 13:12:36 [Bengaluru,Chennai,Hyderabad]
2024-03-27 13:12:36 [Bengaluru,Coimbatore,Chennai]
2024-03-27 13:12:36 [Bengaluru,Chennai,Remote,Mumbai,Pune,Hyderabad,Ahmedabad,Kolkata]
2024-03-27 13:12:36 [Bengaluru,Kolkata,Remote,Pune]
2024-03-27 13:12:36 [Bengaluru]
2024-03-27 13:12:36 ************************************
2024-03-27 13:12:36 KeySkills : 
2024-03-27 13:12:36 Snowflake,DataEngineering,AWSGlue,DataAnalytics,MySQL,Postgresql,AWSLambda
2024-03-27 13:12:36 Fivetran,Snowflake,Bigquery,SQL,SaaS,SaaSSales,GCPCloud,Dbt,Hubspot,DataStudio,Freelancing,Metabase
2024-03-27 13:12:36 Snowflake,Pyspark,SQL,Terraform,AWS,Python,Javascript,CSS,ASP.NETMVC,ADO.NET,C#
2024-03-27 13:12:36 Snowflake,DataEngineering,Pyspark,PowerBI,SQL,DataAnalysis,GoogleCloudPlatforms,Python,GoogleDataStudio
2024-03-27 13:12:36 Snowflake,GoogleBigquery,BigQuery,SQL,Oracle,GCP,DatabaseBuilding,Dbt,Python
2024-03-27 13:12:36 ETL,Fivetran,Snowflake,DataWarehousing,DataIntegration,DataEngineering,DataModelling,AzureDataFactory,Dax,Pyspark,AzureSynapse,AzureDatabricks,PowerBI,Sparksql,U-SQL,T-SQL,SQLServer,MicrosoftAzure,AzureStorages,Python,AzureLogicApps,PowerQuery
2024-03-27 13:12:37 Fivetran,Snowflake,Airflow,AzureDataFactory,AzureDatabricks,Tableau,MicrosoftPowerBI,SQL,Kafka,JIRA,Flask,Docker,AWS,Dbt,MachineLearning,ComputerVision,Python,DataScience,DeepLearning,Codeigniter,NLP
2024-03-27 13:12:37 ETL,Fivetran,Snowflake,DataWarehousing,BI,DataArchitecture,DataModeling,AzureDataFactory,BusinessIntelligenceReporting,PowerBI,SQL
2024-03-27 13:12:37 ETL,Snowflake,DataWarehousing,ExtractTransformLoad,DataModeling,Airflow,Looker,Bigquery,PowerBI,SQL,GCP,Dbt,DataAnalysis,AnalyticalSkills,AWS,Postgresql
2024-03-27 13:12:37 ETL,Snowflake,Snowsql,DataModeling,Looker,StoredProcedures,Tableau,SQL,DataVisualization,AdvancedExcel,DataAnalysis,CommunicationSkills,LinearRegression,MSOffice,Dashboarding,DashboardDevelopment,TableauReporting,ExploratoryDataAnalysis,PivotTable,Snowflake/Redshift
2024-03-27 13:12:37 SQL,DataModeling,BusinessIntelligence,DataTransformation,Dax,PowerBIReportServer,PowerBI,DataVisualization,SQLServer,Metabase,PowerBIDesktop,MongoDB,Postgresql,MySQL,DataAnalysis,PowerBIS
2024-03-27 13:12:37 Snowflake,DataEngineering,Airflow,DataVisualization,DataAnalysis,DataScience,ProductManagement,E-commerce,MySQL,ElasticSearch,Nestjs,Python,Angular,React.js
2024-03-27 13:12:37 SQLServer,Postgresql,PowerShell,BMCRemedy,Azure
2024-03-27 13:12:37 SQL,Excel,Reporting,AnalyticalSkills,BusinessAnalysis,FinancialAnalysis
2024-03-27 13:12:37 ETL,ETLDeveloper,Talend,BusinessIntelligence,TalendOpenStudio,Tableau,SQL,DataAnalytics,Dbt,PredictiveModeling,R,SPSS,Python,Excel,ClusterAnalysis,StatisticalModeling,StatisticalAnalysis,AdvancedAnalytics,Rshiny,MachineLearning,DataScience,MySQL,NLP,IBMSPSS
2024-03-27 13:12:37 ETLTesting,UNIX,OracleAppsSupportSQLServer2005,SoftwareTesting,Manual,ManualTesting,OracleAppsTechnical,EcommerceTesting,RegressionTesting,IntegrationTesting,UnitTesting,FunctionalTesting,Oracle10G
2024-03-27 13:12:37 ************************************
